<?xml version="1.0" encoding="UTF-8"?>
<testng-results skipped="0" failed="0" ignored="0" total="1" passed="1">
  <reporter-output>
  </reporter-output>
  <suite name="Default suite" duration-ms="89710" started-at="2022-04-14T20:16:38 IST" finished-at="2022-04-14T20:18:07 IST">
    <groups>
    </groups>
    <test name="Default test" duration-ms="89710" started-at="2022-04-14T20:16:38 IST" finished-at="2022-04-14T20:18:07 IST">
      <class name="com.ebanking.master.Exepom">
        <test-method status="PASS" signature="login()[pri:0, instance:com.ebanking.master.Exepom@23e028a9]" name="login" is-config="true" duration-ms="16962" started-at="2022-04-14T20:16:38 IST" finished-at="2022-04-14T20:16:54 IST">
          <reporter-output>
          </reporter-output>
        </test-method> <!-- login -->
        <test-method status="PASS" signature="Rol()[pri:0, instance:com.ebanking.master.Exepom@23e028a9]" name="Rol" duration-ms="72664" started-at="2022-04-14T20:16:55 IST" finished-at="2022-04-14T20:18:07 IST">
          <reporter-output>
          </reporter-output>
        </test-method> <!-- Rol -->
      </class> <!-- com.ebanking.master.Exepom -->
    </test> <!-- Default test -->
  </suite> <!-- Default suite -->
</testng-results>
